2023.12.23 00:22:21 INFO  Started: Metals version 1.2.0 in folders 'C:\OCaml64\home\Flex5IIL\ocaml_projects' for client Visual Studio Code 1.85.1.[0m
2023.12.23 00:22:24 WARN  Build server is not auto-connectable.[0m
2023.12.23 00:22:24 WARN  no build tool detected in workspace 'C:\OCaml64\home\Flex5IIL\ocaml_projects'. The most common cause for this problem is that the editor was opened in the wrong working directory, for example if you use sbt then the workspace directory should contain build.sbt. [0m
2023.12.23 00:22:30 INFO  no build target found for C:\OCaml64\home\Flex5IIL\ocaml_projects\labolatoria\lab06\lab06.sc. Using presentation compiler with project's scala-library version: 3.3.1[0m
gru 23, 2023 12:22:31 AM org.eclipse.lsp4j.jsonrpc.RemoteEndpoint handleCancellation
WARNING: Unmatched cancel notification for request id 7
gru 23, 2023 12:22:31 AM org.eclipse.lsp4j.jsonrpc.RemoteEndpoint handleCancellation
WARNING: Unmatched cancel notification for request id 1
gru 23, 2023 12:22:31 AM org.eclipse.lsp4j.jsonrpc.RemoteEndpoint handleCancellation
WARNING: Unmatched cancel notification for request id 9
gru 23, 2023 12:22:31 AM org.eclipse.lsp4j.jsonrpc.RemoteEndpoint handleCancellation
WARNING: Unmatched cancel notification for request id 12
2023.12.23 00:22:35 INFO  time: code lens generation in 9.89s[0m
2023.12.23 00:22:35 INFO  time: code lens generation in 4.13s[0m
2023.12.23 00:22:35 INFO  time: code lens generation in 4.17s[0m
2023.12.23 00:22:35 INFO  time: code lens generation in 4.23s[0m
2023.12.23 00:22:35 INFO  time: code lens generation in 4.67s[0m
2023.12.23 00:24:41 WARN  no build target for: C:\OCaml64\home\Flex5IIL\ocaml_projects\labolatoria\lab06\lab06.sc[0m
2023.12.23 00:24:54 INFO  Shutting down server[0m
2023.12.23 00:24:54 INFO  shutting down Metals[0m
2023.12.23 00:24:54 INFO  Exiting server[0m
